<?xml version="1.0" encoding="UTF-8"?>
<testsuite xmlns:xsi="http://www.w3.org/2001/XMLSchema-instance" xsi:noNamespaceSchemaLocation="https://maven.apache.org/surefire/maven-surefire-plugin/xsd/surefire-test-report.xsd" name="com.example.ogani_be.OganiBeApplicationTests" time="55.127" tests="1" errors="0" skipped="0" failures="0">
  <properties>
    <property name="sun.desktop" value="windows"/>
    <property name="awt.toolkit" value="sun.awt.windows.WToolkit"/>
    <property name="java.specification.version" value="11"/>
    <property name="sun.cpu.isalist" value="amd64"/>
    <property name="sun.jnu.encoding" value="Cp1252"/>
    <property name="java.class.path" value="F:\DE_MO_THUC_TAP\ogani\ogani_BE\target\test-classes;F:\DE_MO_THUC_TAP\ogani\ogani_BE\target\classes;E:\wordspace\HOADONDIENTU\trunk\1.WIP\11. DEV\04.SourceCode\.m2\.m2\org\springframework\boot\spring-boot-starter-data-jpa\2.7.16-SNAPSHOT\spring-boot-starter-data-jpa-2.7.16-SNAPSHOT.jar;E:\wordspace\HOADONDIENTU\trunk\1.WIP\11. DEV\04.SourceCode\.m2\.m2\org\springframework\boot\spring-boot-starter-aop\2.7.16-SNAPSHOT\spring-boot-starter-aop-2.7.16-SNAPSHOT.jar;E:\wordspace\HOADONDIENTU\trunk\1.WIP\11. DEV\04.SourceCode\.m2\.m2\org\aspectj\aspectjweaver\1.9.7\aspectjweaver-1.9.7.jar;E:\wordspace\HOADONDIENTU\trunk\1.WIP\11. DEV\04.SourceCode\.m2\.m2\org\springframework\boot\spring-boot-starter-jdbc\2.7.16-SNAPSHOT\spring-boot-starter-jdbc-2.7.16-SNAPSHOT.jar;E:\wordspace\HOADONDIENTU\trunk\1.WIP\11. DEV\04.SourceCode\.m2\.m2\com\zaxxer\HikariCP\4.0.3\HikariCP-4.0.3.jar;E:\wordspace\HOADONDIENTU\trunk\1.WIP\11. DEV\04.SourceCode\.m2\.m2\org\springframework\spring-jdbc\5.3.30\spring-jdbc-5.3.30.jar;E:\wordspace\HOADONDIENTU\trunk\1.WIP\11. DEV\04.SourceCode\.m2\.m2\jakarta\transaction\jakarta.transaction-api\1.3.3\jakarta.transaction-api-1.3.3.jar;E:\wordspace\HOADONDIENTU\trunk\1.WIP\11. DEV\04.SourceCode\.m2\.m2\jakarta\persistence\jakarta.persistence-api\2.2.3\jakarta.persistence-api-2.2.3.jar;E:\wordspace\HOADONDIENTU\trunk\1.WIP\11. DEV\04.SourceCode\.m2\.m2\org\hibernate\hibernate-core\5.6.15.Final\hibernate-core-5.6.15.Final.jar;E:\wordspace\HOADONDIENTU\trunk\1.WIP\11. DEV\04.SourceCode\.m2\.m2\org\jboss\logging\jboss-logging\3.4.3.Final\jboss-logging-3.4.3.Final.jar;E:\wordspace\HOADONDIENTU\trunk\1.WIP\11. DEV\04.SourceCode\.m2\.m2\net\bytebuddy\byte-buddy\1.12.23\byte-buddy-1.12.23.jar;E:\wordspace\HOADONDIENTU\trunk\1.WIP\11. DEV\04.SourceCode\.m2\.m2\antlr\antlr\2.7.7\antlr-2.7.7.jar;E:\wordspace\HOADONDIENTU\trunk\1.WIP\11. DEV\04.SourceCode\.m2\.m2\org\jboss\jandex\2.4.2.Final\jandex-2.4.2.Final.jar;E:\wordspace\HOADONDIENTU\trunk\1.WIP\11. DEV\04.SourceCode\.m2\.m2\com\fasterxml\classmate\1.5.1\classmate-1.5.1.jar;E:\wordspace\HOADONDIENTU\trunk\1.WIP\11. DEV\04.SourceCode\.m2\.m2\org\hibernate\common\hibernate-commons-annotations\5.1.2.Final\hibernate-commons-annotations-5.1.2.Final.jar;E:\wordspace\HOADONDIENTU\trunk\1.WIP\11. DEV\04.SourceCode\.m2\.m2\org\glassfish\jaxb\jaxb-runtime\2.3.8\jaxb-runtime-2.3.8.jar;E:\wordspace\HOADONDIENTU\trunk\1.WIP\11. DEV\04.SourceCode\.m2\.m2\org\glassfish\jaxb\txw2\2.3.8\txw2-2.3.8.jar;E:\wordspace\HOADONDIENTU\trunk\1.WIP\11. DEV\04.SourceCode\.m2\.m2\com\sun\istack\istack-commons-runtime\3.0.12\istack-commons-runtime-3.0.12.jar;E:\wordspace\HOADONDIENTU\trunk\1.WIP\11. DEV\04.SourceCode\.m2\.m2\org\springframework\data\spring-data-jpa\2.7.16\spring-data-jpa-2.7.16.jar;E:\wordspace\HOADONDIENTU\trunk\1.WIP\11. DEV\04.SourceCode\.m2\.m2\org\springframework\data\spring-data-commons\2.7.16\spring-data-commons-2.7.16.jar;E:\wordspace\HOADONDIENTU\trunk\1.WIP\11. DEV\04.SourceCode\.m2\.m2\org\springframework\spring-orm\5.3.30\spring-orm-5.3.30.jar;E:\wordspace\HOADONDIENTU\trunk\1.WIP\11. DEV\04.SourceCode\.m2\.m2\org\springframework\spring-beans\5.3.30\spring-beans-5.3.30.jar;E:\wordspace\HOADONDIENTU\trunk\1.WIP\11. DEV\04.SourceCode\.m2\.m2\org\slf4j\slf4j-api\1.7.36\slf4j-api-1.7.36.jar;E:\wordspace\HOADONDIENTU\trunk\1.WIP\11. DEV\04.SourceCode\.m2\.m2\org\springframework\spring-aspects\5.3.30\spring-aspects-5.3.30.jar;E:\wordspace\HOADONDIENTU\trunk\1.WIP\11. DEV\04.SourceCode\.m2\.m2\org\springframework\boot\spring-boot-starter-web\2.7.16-SNAPSHOT\spring-boot-starter-web-2.7.16-SNAPSHOT.jar;E:\wordspace\HOADONDIENTU\trunk\1.WIP\11. DEV\04.SourceCode\.m2\.m2\org\springframework\boot\spring-boot-starter\2.7.16-SNAPSHOT\spring-boot-starter-2.7.16-SNAPSHOT.jar;E:\wordspace\HOADONDIENTU\trunk\1.WIP\11. DEV\04.SourceCode\.m2\.m2\org\springframework\boot\spring-boot-starter-logging\2.7.16-SNAPSHOT\spring-boot-starter-logging-2.7.16-SNAPSHOT.jar;E:\wordspace\HOADONDIENTU\trunk\1.WIP\11. DEV\04.SourceCode\.m2\.m2\ch\qos\logback\logback-classic\1.2.12\logback-classic-1.2.12.jar;E:\wordspace\HOADONDIENTU\trunk\1.WIP\11. DEV\04.SourceCode\.m2\.m2\ch\qos\logback\logback-core\1.2.12\logback-core-1.2.12.jar;E:\wordspace\HOADONDIENTU\trunk\1.WIP\11. DEV\04.SourceCode\.m2\.m2\org\apache\logging\log4j\log4j-to-slf4j\2.17.2\log4j-to-slf4j-2.17.2.jar;E:\wordspace\HOADONDIENTU\trunk\1.WIP\11. DEV\04.SourceCode\.m2\.m2\org\apache\logging\log4j\log4j-api\2.17.2\log4j-api-2.17.2.jar;E:\wordspace\HOADONDIENTU\trunk\1.WIP\11. DEV\04.SourceCode\.m2\.m2\org\slf4j\jul-to-slf4j\1.7.36\jul-to-slf4j-1.7.36.jar;E:\wordspace\HOADONDIENTU\trunk\1.WIP\11. DEV\04.SourceCode\.m2\.m2\jakarta\annotation\jakarta.annotation-api\1.3.5\jakarta.annotation-api-1.3.5.jar;E:\wordspace\HOADONDIENTU\trunk\1.WIP\11. DEV\04.SourceCode\.m2\.m2\org\yaml\snakeyaml\1.30\snakeyaml-1.30.jar;E:\wordspace\HOADONDIENTU\trunk\1.WIP\11. DEV\04.SourceCode\.m2\.m2\org\springframework\boot\spring-boot-starter-json\2.7.16-SNAPSHOT\spring-boot-starter-json-2.7.16-SNAPSHOT.jar;E:\wordspace\HOADONDIENTU\trunk\1.WIP\11. DEV\04.SourceCode\.m2\.m2\com\fasterxml\jackson\datatype\jackson-datatype-jdk8\2.13.5\jackson-datatype-jdk8-2.13.5.jar;E:\wordspace\HOADONDIENTU\trunk\1.WIP\11. DEV\04.SourceCode\.m2\.m2\com\fasterxml\jackson\datatype\jackson-datatype-jsr310\2.13.5\jackson-datatype-jsr310-2.13.5.jar;E:\wordspace\HOADONDIENTU\trunk\1.WIP\11. DEV\04.SourceCode\.m2\.m2\com\fasterxml\jackson\module\jackson-module-parameter-names\2.13.5\jackson-module-parameter-names-2.13.5.jar;E:\wordspace\HOADONDIENTU\trunk\1.WIP\11. DEV\04.SourceCode\.m2\.m2\org\springframework\boot\spring-boot-starter-tomcat\2.7.16-SNAPSHOT\spring-boot-starter-tomcat-2.7.16-SNAPSHOT.jar;E:\wordspace\HOADONDIENTU\trunk\1.WIP\11. DEV\04.SourceCode\.m2\.m2\org\apache\tomcat\embed\tomcat-embed-core\9.0.80\tomcat-embed-core-9.0.80.jar;E:\wordspace\HOADONDIENTU\trunk\1.WIP\11. DEV\04.SourceCode\.m2\.m2\org\apache\tomcat\embed\tomcat-embed-el\9.0.80\tomcat-embed-el-9.0.80.jar;E:\wordspace\HOADONDIENTU\trunk\1.WIP\11. DEV\04.SourceCode\.m2\.m2\org\apache\tomcat\embed\tomcat-embed-websocket\9.0.80\tomcat-embed-websocket-9.0.80.jar;E:\wordspace\HOADONDIENTU\trunk\1.WIP\11. DEV\04.SourceCode\.m2\.m2\org\springframework\spring-web\5.3.30\spring-web-5.3.30.jar;E:\wordspace\HOADONDIENTU\trunk\1.WIP\11. DEV\04.SourceCode\.m2\.m2\org\springframework\spring-webmvc\5.3.30\spring-webmvc-5.3.30.jar;E:\wordspace\HOADONDIENTU\trunk\1.WIP\11. DEV\04.SourceCode\.m2\.m2\org\springframework\spring-expression\5.3.30\spring-expression-5.3.30.jar;E:\wordspace\HOADONDIENTU\trunk\1.WIP\11. DEV\04.SourceCode\.m2\.m2\org\springframework\boot\spring-boot-devtools\2.7.16-SNAPSHOT\spring-boot-devtools-2.7.16-SNAPSHOT.jar;E:\wordspace\HOADONDIENTU\trunk\1.WIP\11. DEV\04.SourceCode\.m2\.m2\org\springframework\boot\spring-boot\2.7.16-SNAPSHOT\spring-boot-2.7.16-SNAPSHOT.jar;E:\wordspace\HOADONDIENTU\trunk\1.WIP\11. DEV\04.SourceCode\.m2\.m2\org\springframework\boot\spring-boot-autoconfigure\2.7.16-SNAPSHOT\spring-boot-autoconfigure-2.7.16-SNAPSHOT.jar;E:\wordspace\HOADONDIENTU\trunk\1.WIP\11. DEV\04.SourceCode\.m2\.m2\com\mysql\mysql-connector-j\8.0.33\mysql-connector-j-8.0.33.jar;E:\wordspace\HOADONDIENTU\trunk\1.WIP\11. DEV\04.SourceCode\.m2\.m2\org\projectlombok\lombok\1.18.30\lombok-1.18.30.jar;E:\wordspace\HOADONDIENTU\trunk\1.WIP\11. DEV\04.SourceCode\.m2\.m2\org\springframework\boot\spring-boot-starter-test\2.7.16-SNAPSHOT\spring-boot-starter-test-2.7.16-SNAPSHOT.jar;E:\wordspace\HOADONDIENTU\trunk\1.WIP\11. DEV\04.SourceCode\.m2\.m2\org\springframework\boot\spring-boot-test\2.7.16-SNAPSHOT\spring-boot-test-2.7.16-SNAPSHOT.jar;E:\wordspace\HOADONDIENTU\trunk\1.WIP\11. DEV\04.SourceCode\.m2\.m2\org\springframework\boot\spring-boot-test-autoconfigure\2.7.16-SNAPSHOT\spring-boot-test-autoconfigure-2.7.16-SNAPSHOT.jar;E:\wordspace\HOADONDIENTU\trunk\1.WIP\11. DEV\04.SourceCode\.m2\.m2\com\jayway\jsonpath\json-path\2.7.0\json-path-2.7.0.jar;E:\wordspace\HOADONDIENTU\trunk\1.WIP\11. DEV\04.SourceCode\.m2\.m2\net\minidev\json-smart\2.4.11\json-smart-2.4.11.jar;E:\wordspace\HOADONDIENTU\trunk\1.WIP\11. DEV\04.SourceCode\.m2\.m2\net\minidev\accessors-smart\2.4.11\accessors-smart-2.4.11.jar;E:\wordspace\HOADONDIENTU\trunk\1.WIP\11. DEV\04.SourceCode\.m2\.m2\org\ow2\asm\asm\9.3\asm-9.3.jar;E:\wordspace\HOADONDIENTU\trunk\1.WIP\11. DEV\04.SourceCode\.m2\.m2\jakarta\xml\bind\jakarta.xml.bind-api\2.3.3\jakarta.xml.bind-api-2.3.3.jar;E:\wordspace\HOADONDIENTU\trunk\1.WIP\11. DEV\04.SourceCode\.m2\.m2\jakarta\activation\jakarta.activation-api\1.2.2\jakarta.activation-api-1.2.2.jar;E:\wordspace\HOADONDIENTU\trunk\1.WIP\11. DEV\04.SourceCode\.m2\.m2\org\assertj\assertj-core\3.22.0\assertj-core-3.22.0.jar;E:\wordspace\HOADONDIENTU\trunk\1.WIP\11. DEV\04.SourceCode\.m2\.m2\org\hamcrest\hamcrest\2.2\hamcrest-2.2.jar;E:\wordspace\HOADONDIENTU\trunk\1.WIP\11. DEV\04.SourceCode\.m2\.m2\org\junit\jupiter\junit-jupiter\5.8.2\junit-jupiter-5.8.2.jar;E:\wordspace\HOADONDIENTU\trunk\1.WIP\11. DEV\04.SourceCode\.m2\.m2\org\junit\jupiter\junit-jupiter-api\5.8.2\junit-jupiter-api-5.8.2.jar;E:\wordspace\HOADONDIENTU\trunk\1.WIP\11. DEV\04.SourceCode\.m2\.m2\org\opentest4j\opentest4j\1.2.0\opentest4j-1.2.0.jar;E:\wordspace\HOADONDIENTU\trunk\1.WIP\11. DEV\04.SourceCode\.m2\.m2\org\junit\platform\junit-platform-commons\1.8.2\junit-platform-commons-1.8.2.jar;E:\wordspace\HOADONDIENTU\trunk\1.WIP\11. DEV\04.SourceCode\.m2\.m2\org\apiguardian\apiguardian-api\1.1.2\apiguardian-api-1.1.2.jar;E:\wordspace\HOADONDIENTU\trunk\1.WIP\11. DEV\04.SourceCode\.m2\.m2\org\junit\jupiter\junit-jupiter-params\5.8.2\junit-jupiter-params-5.8.2.jar;E:\wordspace\HOADONDIENTU\trunk\1.WIP\11. DEV\04.SourceCode\.m2\.m2\org\junit\jupiter\junit-jupiter-engine\5.8.2\junit-jupiter-engine-5.8.2.jar;E:\wordspace\HOADONDIENTU\trunk\1.WIP\11. DEV\04.SourceCode\.m2\.m2\org\junit\platform\junit-platform-engine\1.8.2\junit-platform-engine-1.8.2.jar;E:\wordspace\HOADONDIENTU\trunk\1.WIP\11. DEV\04.SourceCode\.m2\.m2\org\mockito\mockito-core\4.5.1\mockito-core-4.5.1.jar;E:\wordspace\HOADONDIENTU\trunk\1.WIP\11. DEV\04.SourceCode\.m2\.m2\net\bytebuddy\byte-buddy-agent\1.12.23\byte-buddy-agent-1.12.23.jar;E:\wordspace\HOADONDIENTU\trunk\1.WIP\11. DEV\04.SourceCode\.m2\.m2\org\objenesis\objenesis\3.2\objenesis-3.2.jar;E:\wordspace\HOADONDIENTU\trunk\1.WIP\11. DEV\04.SourceCode\.m2\.m2\org\mockito\mockito-junit-jupiter\4.5.1\mockito-junit-jupiter-4.5.1.jar;E:\wordspace\HOADONDIENTU\trunk\1.WIP\11. DEV\04.SourceCode\.m2\.m2\org\skyscreamer\jsonassert\1.5.1\jsonassert-1.5.1.jar;E:\wordspace\HOADONDIENTU\trunk\1.WIP\11. DEV\04.SourceCode\.m2\.m2\com\vaadin\external\google\android-json\0.0.20131108.vaadin1\android-json-0.0.20131108.vaadin1.jar;E:\wordspace\HOADONDIENTU\trunk\1.WIP\11. DEV\04.SourceCode\.m2\.m2\org\springframework\spring-core\5.3.30\spring-core-5.3.30.jar;E:\wordspace\HOADONDIENTU\trunk\1.WIP\11. DEV\04.SourceCode\.m2\.m2\org\springframework\spring-jcl\5.3.30\spring-jcl-5.3.30.jar;E:\wordspace\HOADONDIENTU\trunk\1.WIP\11. DEV\04.SourceCode\.m2\.m2\org\springframework\spring-test\5.3.30\spring-test-5.3.30.jar;E:\wordspace\HOADONDIENTU\trunk\1.WIP\11. DEV\04.SourceCode\.m2\.m2\org\xmlunit\xmlunit-core\2.9.1\xmlunit-core-2.9.1.jar;E:\wordspace\HOADONDIENTU\trunk\1.WIP\11. DEV\04.SourceCode\.m2\.m2\org\springframework\boot\spring-boot-starter-security\2.7.16-SNAPSHOT\spring-boot-starter-security-2.7.16-SNAPSHOT.jar;E:\wordspace\HOADONDIENTU\trunk\1.WIP\11. DEV\04.SourceCode\.m2\.m2\org\springframework\spring-aop\5.3.30\spring-aop-5.3.30.jar;E:\wordspace\HOADONDIENTU\trunk\1.WIP\11. DEV\04.SourceCode\.m2\.m2\org\springframework\security\spring-security-config\5.7.11\spring-security-config-5.7.11.jar;E:\wordspace\HOADONDIENTU\trunk\1.WIP\11. DEV\04.SourceCode\.m2\.m2\org\springframework\security\spring-security-core\5.7.11\spring-security-core-5.7.11.jar;E:\wordspace\HOADONDIENTU\trunk\1.WIP\11. DEV\04.SourceCode\.m2\.m2\org\springframework\security\spring-security-crypto\5.7.11\spring-security-crypto-5.7.11.jar;E:\wordspace\HOADONDIENTU\trunk\1.WIP\11. DEV\04.SourceCode\.m2\.m2\org\springframework\security\spring-security-web\5.7.11\spring-security-web-5.7.11.jar;E:\wordspace\HOADONDIENTU\trunk\1.WIP\11. DEV\04.SourceCode\.m2\.m2\com\google\guava\guava\r06\guava-r06.jar;E:\wordspace\HOADONDIENTU\trunk\1.WIP\11. DEV\04.SourceCode\.m2\.m2\io\jsonwebtoken\jjwt\0.7.0\jjwt-0.7.0.jar;E:\wordspace\HOADONDIENTU\trunk\1.WIP\11. DEV\04.SourceCode\.m2\.m2\org\springframework\boot\spring-boot-starter-mail\2.7.16-SNAPSHOT\spring-boot-starter-mail-2.7.16-SNAPSHOT.jar;E:\wordspace\HOADONDIENTU\trunk\1.WIP\11. DEV\04.SourceCode\.m2\.m2\org\springframework\spring-context-support\5.3.30\spring-context-support-5.3.30.jar;E:\wordspace\HOADONDIENTU\trunk\1.WIP\11. DEV\04.SourceCode\.m2\.m2\com\sun\mail\jakarta.mail\1.6.7\jakarta.mail-1.6.7.jar;E:\wordspace\HOADONDIENTU\trunk\1.WIP\11. DEV\04.SourceCode\.m2\.m2\com\sun\activation\jakarta.activation\1.2.2\jakarta.activation-1.2.2.jar;E:\wordspace\HOADONDIENTU\trunk\1.WIP\11. DEV\04.SourceCode\.m2\.m2\org\springframework\kafka\spring-kafka\2.8.11\spring-kafka-2.8.11.jar;E:\wordspace\HOADONDIENTU\trunk\1.WIP\11. DEV\04.SourceCode\.m2\.m2\org\springframework\spring-context\5.3.30\spring-context-5.3.30.jar;E:\wordspace\HOADONDIENTU\trunk\1.WIP\11. DEV\04.SourceCode\.m2\.m2\org\springframework\spring-messaging\5.3.30\spring-messaging-5.3.30.jar;E:\wordspace\HOADONDIENTU\trunk\1.WIP\11. DEV\04.SourceCode\.m2\.m2\org\springframework\spring-tx\5.3.30\spring-tx-5.3.30.jar;E:\wordspace\HOADONDIENTU\trunk\1.WIP\11. DEV\04.SourceCode\.m2\.m2\org\springframework\retry\spring-retry\1.3.4\spring-retry-1.3.4.jar;E:\wordspace\HOADONDIENTU\trunk\1.WIP\11. DEV\04.SourceCode\.m2\.m2\org\apache\kafka\kafka-clients\3.1.2\kafka-clients-3.1.2.jar;E:\wordspace\HOADONDIENTU\trunk\1.WIP\11. DEV\04.SourceCode\.m2\.m2\com\github\luben\zstd-jni\1.5.0-4\zstd-jni-1.5.0-4.jar;E:\wordspace\HOADONDIENTU\trunk\1.WIP\11. DEV\04.SourceCode\.m2\.m2\org\lz4\lz4-java\1.8.0\lz4-java-1.8.0.jar;E:\wordspace\HOADONDIENTU\trunk\1.WIP\11. DEV\04.SourceCode\.m2\.m2\org\xerial\snappy\snappy-java\1.1.8.4\snappy-java-1.1.8.4.jar;E:\wordspace\HOADONDIENTU\trunk\1.WIP\11. DEV\04.SourceCode\.m2\.m2\com\google\code\findbugs\jsr305\3.0.2\jsr305-3.0.2.jar;E:\wordspace\HOADONDIENTU\trunk\1.WIP\11. DEV\04.SourceCode\.m2\.m2\com\fasterxml\jackson\core\jackson-databind\2.13.5\jackson-databind-2.13.5.jar;E:\wordspace\HOADONDIENTU\trunk\1.WIP\11. DEV\04.SourceCode\.m2\.m2\com\fasterxml\jackson\core\jackson-annotations\2.13.5\jackson-annotations-2.13.5.jar;E:\wordspace\HOADONDIENTU\trunk\1.WIP\11. DEV\04.SourceCode\.m2\.m2\com\fasterxml\jackson\core\jackson-core\2.13.5\jackson-core-2.13.5.jar;E:\wordspace\HOADONDIENTU\trunk\1.WIP\11. DEV\04.SourceCode\.m2\.m2\org\glassfish\hk2\external\javax.inject\2.3.0\javax.inject-2.3.0.jar;"/>
    <property name="java.vm.vendor" value="Oracle Corporation"/>
    <property name="sun.arch.data.model" value="64"/>
    <property name="user.variant" value=""/>
    <property name="java.vendor.url" value="https://openjdk.java.net/"/>
    <property name="user.timezone" value="Asia/Bangkok"/>
    <property name="java.vm.specification.version" value="11"/>
    <property name="os.name" value="Windows 10"/>
    <property name="sun.java.launcher" value="SUN_STANDARD"/>
    <property name="user.country" value="US"/>
    <property name="sun.boot.library.path" value="C:\Program Files\Java\jdk-11\bin"/>
    <property name="sun.java.command" value="C:\Users\GL\AppData\Local\Temp\surefire14305728515966583338\surefirebooter8949250902249795246.jar C:\Users\GL\AppData\Local\Temp\surefire14305728515966583338 2023-10-02T14-02-31_994-jvmRun1 surefire5375386806980736249tmp surefire_017501357794010221121tmp"/>
    <property name="jdk.debug" value="release"/>
    <property name="surefire.test.class.path" value="F:\DE_MO_THUC_TAP\ogani\ogani_BE\target\test-classes;F:\DE_MO_THUC_TAP\ogani\ogani_BE\target\classes;E:\wordspace\HOADONDIENTU\trunk\1.WIP\11. DEV\04.SourceCode\.m2\.m2\org\springframework\boot\spring-boot-starter-data-jpa\2.7.16-SNAPSHOT\spring-boot-starter-data-jpa-2.7.16-SNAPSHOT.jar;E:\wordspace\HOADONDIENTU\trunk\1.WIP\11. DEV\04.SourceCode\.m2\.m2\org\springframework\boot\spring-boot-starter-aop\2.7.16-SNAPSHOT\spring-boot-starter-aop-2.7.16-SNAPSHOT.jar;E:\wordspace\HOADONDIENTU\trunk\1.WIP\11. DEV\04.SourceCode\.m2\.m2\org\aspectj\aspectjweaver\1.9.7\aspectjweaver-1.9.7.jar;E:\wordspace\HOADONDIENTU\trunk\1.WIP\11. DEV\04.SourceCode\.m2\.m2\org\springframework\boot\spring-boot-starter-jdbc\2.7.16-SNAPSHOT\spring-boot-starter-jdbc-2.7.16-SNAPSHOT.jar;E:\wordspace\HOADONDIENTU\trunk\1.WIP\11. DEV\04.SourceCode\.m2\.m2\com\zaxxer\HikariCP\4.0.3\HikariCP-4.0.3.jar;E:\wordspace\HOADONDIENTU\trunk\1.WIP\11. DEV\04.SourceCode\.m2\.m2\org\springframework\spring-jdbc\5.3.30\spring-jdbc-5.3.30.jar;E:\wordspace\HOADONDIENTU\trunk\1.WIP\11. DEV\04.SourceCode\.m2\.m2\jakarta\transaction\jakarta.transaction-api\1.3.3\jakarta.transaction-api-1.3.3.jar;E:\wordspace\HOADONDIENTU\trunk\1.WIP\11. DEV\04.SourceCode\.m2\.m2\jakarta\persistence\jakarta.persistence-api\2.2.3\jakarta.persistence-api-2.2.3.jar;E:\wordspace\HOADONDIENTU\trunk\1.WIP\11. DEV\04.SourceCode\.m2\.m2\org\hibernate\hibernate-core\5.6.15.Final\hibernate-core-5.6.15.Final.jar;E:\wordspace\HOADONDIENTU\trunk\1.WIP\11. DEV\04.SourceCode\.m2\.m2\org\jboss\logging\jboss-logging\3.4.3.Final\jboss-logging-3.4.3.Final.jar;E:\wordspace\HOADONDIENTU\trunk\1.WIP\11. DEV\04.SourceCode\.m2\.m2\net\bytebuddy\byte-buddy\1.12.23\byte-buddy-1.12.23.jar;E:\wordspace\HOADONDIENTU\trunk\1.WIP\11. DEV\04.SourceCode\.m2\.m2\antlr\antlr\2.7.7\antlr-2.7.7.jar;E:\wordspace\HOADONDIENTU\trunk\1.WIP\11. DEV\04.SourceCode\.m2\.m2\org\jboss\jandex\2.4.2.Final\jandex-2.4.2.Final.jar;E:\wordspace\HOADONDIENTU\trunk\1.WIP\11. DEV\04.SourceCode\.m2\.m2\com\fasterxml\classmate\1.5.1\classmate-1.5.1.jar;E:\wordspace\HOADONDIENTU\trunk\1.WIP\11. DEV\04.SourceCode\.m2\.m2\org\hibernate\common\hibernate-commons-annotations\5.1.2.Final\hibernate-commons-annotations-5.1.2.Final.jar;E:\wordspace\HOADONDIENTU\trunk\1.WIP\11. DEV\04.SourceCode\.m2\.m2\org\glassfish\jaxb\jaxb-runtime\2.3.8\jaxb-runtime-2.3.8.jar;E:\wordspace\HOADONDIENTU\trunk\1.WIP\11. DEV\04.SourceCode\.m2\.m2\org\glassfish\jaxb\txw2\2.3.8\txw2-2.3.8.jar;E:\wordspace\HOADONDIENTU\trunk\1.WIP\11. DEV\04.SourceCode\.m2\.m2\com\sun\istack\istack-commons-runtime\3.0.12\istack-commons-runtime-3.0.12.jar;E:\wordspace\HOADONDIENTU\trunk\1.WIP\11. DEV\04.SourceCode\.m2\.m2\org\springframework\data\spring-data-jpa\2.7.16\spring-data-jpa-2.7.16.jar;E:\wordspace\HOADONDIENTU\trunk\1.WIP\11. DEV\04.SourceCode\.m2\.m2\org\springframework\data\spring-data-commons\2.7.16\spring-data-commons-2.7.16.jar;E:\wordspace\HOADONDIENTU\trunk\1.WIP\11. DEV\04.SourceCode\.m2\.m2\org\springframework\spring-orm\5.3.30\spring-orm-5.3.30.jar;E:\wordspace\HOADONDIENTU\trunk\1.WIP\11. DEV\04.SourceCode\.m2\.m2\org\springframework\spring-beans\5.3.30\spring-beans-5.3.30.jar;E:\wordspace\HOADONDIENTU\trunk\1.WIP\11. DEV\04.SourceCode\.m2\.m2\org\slf4j\slf4j-api\1.7.36\slf4j-api-1.7.36.jar;E:\wordspace\HOADONDIENTU\trunk\1.WIP\11. DEV\04.SourceCode\.m2\.m2\org\springframework\spring-aspects\5.3.30\spring-aspects-5.3.30.jar;E:\wordspace\HOADONDIENTU\trunk\1.WIP\11. DEV\04.SourceCode\.m2\.m2\org\springframework\boot\spring-boot-starter-web\2.7.16-SNAPSHOT\spring-boot-starter-web-2.7.16-SNAPSHOT.jar;E:\wordspace\HOADONDIENTU\trunk\1.WIP\11. DEV\04.SourceCode\.m2\.m2\org\springframework\boot\spring-boot-starter\2.7.16-SNAPSHOT\spring-boot-starter-2.7.16-SNAPSHOT.jar;E:\wordspace\HOADONDIENTU\trunk\1.WIP\11. DEV\04.SourceCode\.m2\.m2\org\springframework\boot\spring-boot-starter-logging\2.7.16-SNAPSHOT\spring-boot-starter-logging-2.7.16-SNAPSHOT.jar;E:\wordspace\HOADONDIENTU\trunk\1.WIP\11. DEV\04.SourceCode\.m2\.m2\ch\qos\logback\logback-classic\1.2.12\logback-classic-1.2.12.jar;E:\wordspace\HOADONDIENTU\trunk\1.WIP\11. DEV\04.SourceCode\.m2\.m2\ch\qos\logback\logback-core\1.2.12\logback-core-1.2.12.jar;E:\wordspace\HOADONDIENTU\trunk\1.WIP\11. DEV\04.SourceCode\.m2\.m2\org\apache\logging\log4j\log4j-to-slf4j\2.17.2\log4j-to-slf4j-2.17.2.jar;E:\wordspace\HOADONDIENTU\trunk\1.WIP\11. DEV\04.SourceCode\.m2\.m2\org\apache\logging\log4j\log4j-api\2.17.2\log4j-api-2.17.2.jar;E:\wordspace\HOADONDIENTU\trunk\1.WIP\11. DEV\04.SourceCode\.m2\.m2\org\slf4j\jul-to-slf4j\1.7.36\jul-to-slf4j-1.7.36.jar;E:\wordspace\HOADONDIENTU\trunk\1.WIP\11. DEV\04.SourceCode\.m2\.m2\jakarta\annotation\jakarta.annotation-api\1.3.5\jakarta.annotation-api-1.3.5.jar;E:\wordspace\HOADONDIENTU\trunk\1.WIP\11. DEV\04.SourceCode\.m2\.m2\org\yaml\snakeyaml\1.30\snakeyaml-1.30.jar;E:\wordspace\HOADONDIENTU\trunk\1.WIP\11. DEV\04.SourceCode\.m2\.m2\org\springframework\boot\spring-boot-starter-json\2.7.16-SNAPSHOT\spring-boot-starter-json-2.7.16-SNAPSHOT.jar;E:\wordspace\HOADONDIENTU\trunk\1.WIP\11. DEV\04.SourceCode\.m2\.m2\com\fasterxml\jackson\datatype\jackson-datatype-jdk8\2.13.5\jackson-datatype-jdk8-2.13.5.jar;E:\wordspace\HOADONDIENTU\trunk\1.WIP\11. DEV\04.SourceCode\.m2\.m2\com\fasterxml\jackson\datatype\jackson-datatype-jsr310\2.13.5\jackson-datatype-jsr310-2.13.5.jar;E:\wordspace\HOADONDIENTU\trunk\1.WIP\11. DEV\04.SourceCode\.m2\.m2\com\fasterxml\jackson\module\jackson-module-parameter-names\2.13.5\jackson-module-parameter-names-2.13.5.jar;E:\wordspace\HOADONDIENTU\trunk\1.WIP\11. DEV\04.SourceCode\.m2\.m2\org\springframework\boot\spring-boot-starter-tomcat\2.7.16-SNAPSHOT\spring-boot-starter-tomcat-2.7.16-SNAPSHOT.jar;E:\wordspace\HOADONDIENTU\trunk\1.WIP\11. DEV\04.SourceCode\.m2\.m2\org\apache\tomcat\embed\tomcat-embed-core\9.0.80\tomcat-embed-core-9.0.80.jar;E:\wordspace\HOADONDIENTU\trunk\1.WIP\11. DEV\04.SourceCode\.m2\.m2\org\apache\tomcat\embed\tomcat-embed-el\9.0.80\tomcat-embed-el-9.0.80.jar;E:\wordspace\HOADONDIENTU\trunk\1.WIP\11. DEV\04.SourceCode\.m2\.m2\org\apache\tomcat\embed\tomcat-embed-websocket\9.0.80\tomcat-embed-websocket-9.0.80.jar;E:\wordspace\HOADONDIENTU\trunk\1.WIP\11. DEV\04.SourceCode\.m2\.m2\org\springframework\spring-web\5.3.30\spring-web-5.3.30.jar;E:\wordspace\HOADONDIENTU\trunk\1.WIP\11. DEV\04.SourceCode\.m2\.m2\org\springframework\spring-webmvc\5.3.30\spring-webmvc-5.3.30.jar;E:\wordspace\HOADONDIENTU\trunk\1.WIP\11. DEV\04.SourceCode\.m2\.m2\org\springframework\spring-expression\5.3.30\spring-expression-5.3.30.jar;E:\wordspace\HOADONDIENTU\trunk\1.WIP\11. DEV\04.SourceCode\.m2\.m2\org\springframework\boot\spring-boot-devtools\2.7.16-SNAPSHOT\spring-boot-devtools-2.7.16-SNAPSHOT.jar;E:\wordspace\HOADONDIENTU\trunk\1.WIP\11. DEV\04.SourceCode\.m2\.m2\org\springframework\boot\spring-boot\2.7.16-SNAPSHOT\spring-boot-2.7.16-SNAPSHOT.jar;E:\wordspace\HOADONDIENTU\trunk\1.WIP\11. DEV\04.SourceCode\.m2\.m2\org\springframework\boot\spring-boot-autoconfigure\2.7.16-SNAPSHOT\spring-boot-autoconfigure-2.7.16-SNAPSHOT.jar;E:\wordspace\HOADONDIENTU\trunk\1.WIP\11. DEV\04.SourceCode\.m2\.m2\com\mysql\mysql-connector-j\8.0.33\mysql-connector-j-8.0.33.jar;E:\wordspace\HOADONDIENTU\trunk\1.WIP\11. DEV\04.SourceCode\.m2\.m2\org\projectlombok\lombok\1.18.30\lombok-1.18.30.jar;E:\wordspace\HOADONDIENTU\trunk\1.WIP\11. DEV\04.SourceCode\.m2\.m2\org\springframework\boot\spring-boot-starter-test\2.7.16-SNAPSHOT\spring-boot-starter-test-2.7.16-SNAPSHOT.jar;E:\wordspace\HOADONDIENTU\trunk\1.WIP\11. DEV\04.SourceCode\.m2\.m2\org\springframework\boot\spring-boot-test\2.7.16-SNAPSHOT\spring-boot-test-2.7.16-SNAPSHOT.jar;E:\wordspace\HOADONDIENTU\trunk\1.WIP\11. DEV\04.SourceCode\.m2\.m2\org\springframework\boot\spring-boot-test-autoconfigure\2.7.16-SNAPSHOT\spring-boot-test-autoconfigure-2.7.16-SNAPSHOT.jar;E:\wordspace\HOADONDIENTU\trunk\1.WIP\11. DEV\04.SourceCode\.m2\.m2\com\jayway\jsonpath\json-path\2.7.0\json-path-2.7.0.jar;E:\wordspace\HOADONDIENTU\trunk\1.WIP\11. DEV\04.SourceCode\.m2\.m2\net\minidev\json-smart\2.4.11\json-smart-2.4.11.jar;E:\wordspace\HOADONDIENTU\trunk\1.WIP\11. DEV\04.SourceCode\.m2\.m2\net\minidev\accessors-smart\2.4.11\accessors-smart-2.4.11.jar;E:\wordspace\HOADONDIENTU\trunk\1.WIP\11. DEV\04.SourceCode\.m2\.m2\org\ow2\asm\asm\9.3\asm-9.3.jar;E:\wordspace\HOADONDIENTU\trunk\1.WIP\11. DEV\04.SourceCode\.m2\.m2\jakarta\xml\bind\jakarta.xml.bind-api\2.3.3\jakarta.xml.bind-api-2.3.3.jar;E:\wordspace\HOADONDIENTU\trunk\1.WIP\11. DEV\04.SourceCode\.m2\.m2\jakarta\activation\jakarta.activation-api\1.2.2\jakarta.activation-api-1.2.2.jar;E:\wordspace\HOADONDIENTU\trunk\1.WIP\11. DEV\04.SourceCode\.m2\.m2\org\assertj\assertj-core\3.22.0\assertj-core-3.22.0.jar;E:\wordspace\HOADONDIENTU\trunk\1.WIP\11. DEV\04.SourceCode\.m2\.m2\org\hamcrest\hamcrest\2.2\hamcrest-2.2.jar;E:\wordspace\HOADONDIENTU\trunk\1.WIP\11. DEV\04.SourceCode\.m2\.m2\org\junit\jupiter\junit-jupiter\5.8.2\junit-jupiter-5.8.2.jar;E:\wordspace\HOADONDIENTU\trunk\1.WIP\11. DEV\04.SourceCode\.m2\.m2\org\junit\jupiter\junit-jupiter-api\5.8.2\junit-jupiter-api-5.8.2.jar;E:\wordspace\HOADONDIENTU\trunk\1.WIP\11. DEV\04.SourceCode\.m2\.m2\org\opentest4j\opentest4j\1.2.0\opentest4j-1.2.0.jar;E:\wordspace\HOADONDIENTU\trunk\1.WIP\11. DEV\04.SourceCode\.m2\.m2\org\junit\platform\junit-platform-commons\1.8.2\junit-platform-commons-1.8.2.jar;E:\wordspace\HOADONDIENTU\trunk\1.WIP\11. DEV\04.SourceCode\.m2\.m2\org\apiguardian\apiguardian-api\1.1.2\apiguardian-api-1.1.2.jar;E:\wordspace\HOADONDIENTU\trunk\1.WIP\11. DEV\04.SourceCode\.m2\.m2\org\junit\jupiter\junit-jupiter-params\5.8.2\junit-jupiter-params-5.8.2.jar;E:\wordspace\HOADONDIENTU\trunk\1.WIP\11. DEV\04.SourceCode\.m2\.m2\org\junit\jupiter\junit-jupiter-engine\5.8.2\junit-jupiter-engine-5.8.2.jar;E:\wordspace\HOADONDIENTU\trunk\1.WIP\11. DEV\04.SourceCode\.m2\.m2\org\junit\platform\junit-platform-engine\1.8.2\junit-platform-engine-1.8.2.jar;E:\wordspace\HOADONDIENTU\trunk\1.WIP\11. DEV\04.SourceCode\.m2\.m2\org\mockito\mockito-core\4.5.1\mockito-core-4.5.1.jar;E:\wordspace\HOADONDIENTU\trunk\1.WIP\11. DEV\04.SourceCode\.m2\.m2\net\bytebuddy\byte-buddy-agent\1.12.23\byte-buddy-agent-1.12.23.jar;E:\wordspace\HOADONDIENTU\trunk\1.WIP\11. DEV\04.SourceCode\.m2\.m2\org\objenesis\objenesis\3.2\objenesis-3.2.jar;E:\wordspace\HOADONDIENTU\trunk\1.WIP\11. DEV\04.SourceCode\.m2\.m2\org\mockito\mockito-junit-jupiter\4.5.1\mockito-junit-jupiter-4.5.1.jar;E:\wordspace\HOADONDIENTU\trunk\1.WIP\11. DEV\04.SourceCode\.m2\.m2\org\skyscreamer\jsonassert\1.5.1\jsonassert-1.5.1.jar;E:\wordspace\HOADONDIENTU\trunk\1.WIP\11. DEV\04.SourceCode\.m2\.m2\com\vaadin\external\google\android-json\0.0.20131108.vaadin1\android-json-0.0.20131108.vaadin1.jar;E:\wordspace\HOADONDIENTU\trunk\1.WIP\11. DEV\04.SourceCode\.m2\.m2\org\springframework\spring-core\5.3.30\spring-core-5.3.30.jar;E:\wordspace\HOADONDIENTU\trunk\1.WIP\11. DEV\04.SourceCode\.m2\.m2\org\springframework\spring-jcl\5.3.30\spring-jcl-5.3.30.jar;E:\wordspace\HOADONDIENTU\trunk\1.WIP\11. DEV\04.SourceCode\.m2\.m2\org\springframework\spring-test\5.3.30\spring-test-5.3.30.jar;E:\wordspace\HOADONDIENTU\trunk\1.WIP\11. DEV\04.SourceCode\.m2\.m2\org\xmlunit\xmlunit-core\2.9.1\xmlunit-core-2.9.1.jar;E:\wordspace\HOADONDIENTU\trunk\1.WIP\11. DEV\04.SourceCode\.m2\.m2\org\springframework\boot\spring-boot-starter-security\2.7.16-SNAPSHOT\spring-boot-starter-security-2.7.16-SNAPSHOT.jar;E:\wordspace\HOADONDIENTU\trunk\1.WIP\11. DEV\04.SourceCode\.m2\.m2\org\springframework\spring-aop\5.3.30\spring-aop-5.3.30.jar;E:\wordspace\HOADONDIENTU\trunk\1.WIP\11. DEV\04.SourceCode\.m2\.m2\org\springframework\security\spring-security-config\5.7.11\spring-security-config-5.7.11.jar;E:\wordspace\HOADONDIENTU\trunk\1.WIP\11. DEV\04.SourceCode\.m2\.m2\org\springframework\security\spring-security-core\5.7.11\spring-security-core-5.7.11.jar;E:\wordspace\HOADONDIENTU\trunk\1.WIP\11. DEV\04.SourceCode\.m2\.m2\org\springframework\security\spring-security-crypto\5.7.11\spring-security-crypto-5.7.11.jar;E:\wordspace\HOADONDIENTU\trunk\1.WIP\11. DEV\04.SourceCode\.m2\.m2\org\springframework\security\spring-security-web\5.7.11\spring-security-web-5.7.11.jar;E:\wordspace\HOADONDIENTU\trunk\1.WIP\11. DEV\04.SourceCode\.m2\.m2\com\google\guava\guava\r06\guava-r06.jar;E:\wordspace\HOADONDIENTU\trunk\1.WIP\11. DEV\04.SourceCode\.m2\.m2\io\jsonwebtoken\jjwt\0.7.0\jjwt-0.7.0.jar;E:\wordspace\HOADONDIENTU\trunk\1.WIP\11. DEV\04.SourceCode\.m2\.m2\org\springframework\boot\spring-boot-starter-mail\2.7.16-SNAPSHOT\spring-boot-starter-mail-2.7.16-SNAPSHOT.jar;E:\wordspace\HOADONDIENTU\trunk\1.WIP\11. DEV\04.SourceCode\.m2\.m2\org\springframework\spring-context-support\5.3.30\spring-context-support-5.3.30.jar;E:\wordspace\HOADONDIENTU\trunk\1.WIP\11. DEV\04.SourceCode\.m2\.m2\com\sun\mail\jakarta.mail\1.6.7\jakarta.mail-1.6.7.jar;E:\wordspace\HOADONDIENTU\trunk\1.WIP\11. DEV\04.SourceCode\.m2\.m2\com\sun\activation\jakarta.activation\1.2.2\jakarta.activation-1.2.2.jar;E:\wordspace\HOADONDIENTU\trunk\1.WIP\11. DEV\04.SourceCode\.m2\.m2\org\springframework\kafka\spring-kafka\2.8.11\spring-kafka-2.8.11.jar;E:\wordspace\HOADONDIENTU\trunk\1.WIP\11. DEV\04.SourceCode\.m2\.m2\org\springframework\spring-context\5.3.30\spring-context-5.3.30.jar;E:\wordspace\HOADONDIENTU\trunk\1.WIP\11. DEV\04.SourceCode\.m2\.m2\org\springframework\spring-messaging\5.3.30\spring-messaging-5.3.30.jar;E:\wordspace\HOADONDIENTU\trunk\1.WIP\11. DEV\04.SourceCode\.m2\.m2\org\springframework\spring-tx\5.3.30\spring-tx-5.3.30.jar;E:\wordspace\HOADONDIENTU\trunk\1.WIP\11. DEV\04.SourceCode\.m2\.m2\org\springframework\retry\spring-retry\1.3.4\spring-retry-1.3.4.jar;E:\wordspace\HOADONDIENTU\trunk\1.WIP\11. DEV\04.SourceCode\.m2\.m2\org\apache\kafka\kafka-clients\3.1.2\kafka-clients-3.1.2.jar;E:\wordspace\HOADONDIENTU\trunk\1.WIP\11. DEV\04.SourceCode\.m2\.m2\com\github\luben\zstd-jni\1.5.0-4\zstd-jni-1.5.0-4.jar;E:\wordspace\HOADONDIENTU\trunk\1.WIP\11. DEV\04.SourceCode\.m2\.m2\org\lz4\lz4-java\1.8.0\lz4-java-1.8.0.jar;E:\wordspace\HOADONDIENTU\trunk\1.WIP\11. DEV\04.SourceCode\.m2\.m2\org\xerial\snappy\snappy-java\1.1.8.4\snappy-java-1.1.8.4.jar;E:\wordspace\HOADONDIENTU\trunk\1.WIP\11. DEV\04.SourceCode\.m2\.m2\com\google\code\findbugs\jsr305\3.0.2\jsr305-3.0.2.jar;E:\wordspace\HOADONDIENTU\trunk\1.WIP\11. DEV\04.SourceCode\.m2\.m2\com\fasterxml\jackson\core\jackson-databind\2.13.5\jackson-databind-2.13.5.jar;E:\wordspace\HOADONDIENTU\trunk\1.WIP\11. DEV\04.SourceCode\.m2\.m2\com\fasterxml\jackson\core\jackson-annotations\2.13.5\jackson-annotations-2.13.5.jar;E:\wordspace\HOADONDIENTU\trunk\1.WIP\11. DEV\04.SourceCode\.m2\.m2\com\fasterxml\jackson\core\jackson-core\2.13.5\jackson-core-2.13.5.jar;E:\wordspace\HOADONDIENTU\trunk\1.WIP\11. DEV\04.SourceCode\.m2\.m2\org\glassfish\hk2\external\javax.inject\2.3.0\javax.inject-2.3.0.jar;"/>
    <property name="sun.cpu.endian" value="little"/>
    <property name="user.home" value="C:\Users\GL"/>
    <property name="user.language" value="en"/>
    <property name="java.specification.vendor" value="Oracle Corporation"/>
    <property name="java.version.date" value="2023-01-17"/>
    <property name="java.home" value="C:\Program Files\Java\jdk-11"/>
    <property name="file.separator" value="\"/>
    <property name="basedir" value="F:\DE_MO_THUC_TAP\ogani\ogani_BE"/>
    <property name="java.vm.compressedOopsMode" value="32-bit"/>
    <property name="line.separator" value="&#10;"/>
    <property name="java.specification.name" value="Java Platform API Specification"/>
    <property name="java.vm.specification.vendor" value="Oracle Corporation"/>
    <property name="java.awt.graphicsenv" value="sun.awt.Win32GraphicsEnvironment"/>
    <property name="surefire.real.class.path" value="C:\Users\GL\AppData\Local\Temp\surefire14305728515966583338\surefirebooter8949250902249795246.jar"/>
    <property name="user.script" value=""/>
    <property name="sun.management.compiler" value="HotSpot 64-Bit Tiered Compilers"/>
    <property name="java.runtime.version" value="11.0.18+9-LTS-195"/>
    <property name="user.name" value="GL"/>
    <property name="path.separator" value=";"/>
    <property name="os.version" value="10.0"/>
    <property name="java.runtime.name" value="Java(TM) SE Runtime Environment"/>
    <property name="file.encoding" value="Cp1252"/>
    <property name="java.vm.name" value="Java HotSpot(TM) 64-Bit Server VM"/>
    <property name="java.vendor.version" value="18.9"/>
    <property name="localRepository" value="E:\wordspace\HOADONDIENTU\trunk\1.WIP\11. DEV\04.SourceCode\.m2\.m2"/>
    <property name="java.vendor.url.bug" value="https://bugreport.java.com/bugreport/"/>
    <property name="java.io.tmpdir" value="C:\Users\GL\AppData\Local\Temp\"/>
    <property name="java.version" value="11.0.18"/>
    <property name="user.dir" value="F:\DE_MO_THUC_TAP\ogani\ogani_BE"/>
    <property name="os.arch" value="amd64"/>
    <property name="java.vm.specification.name" value="Java Virtual Machine Specification"/>
    <property name="java.awt.printerjob" value="sun.awt.windows.WPrinterJob"/>
    <property name="sun.os.patch.level" value=""/>
    <property name="java.library.path" value="C:\Program Files\Java\jdk-11\bin;C:\Windows\Sun\Java\bin;C:\Windows\system32;C:\Windows;C:\Program Files (x86)\Common Files\Oracle\Java\javapath;C:\Program Files\Common Files\Oracle\Java\javapath;C:\Program Files (x86)\Common Files\Intel\Shared Files\cpp\bin\Intel64;C:\Program Files (x86)\Common Files\Intel\Shared Libraries\redist\intel64\compiler;C:\Windows\system32;C:\Windows;C:\Windows\System32\Wbem;C:\Windows\System32\WindowsPowerShell\v1.0\;C:\Windows\System32\OpenSSH\;C:\Program Files\TortoiseSVN\bin;E:\Download\File_RAR\Oracle_Instant_Client\instantclient_21_3;C:\Users\GL\AppData\Local\Programs\Python\Python310\Scripts;C:\Users\GL\AppData\Local\Programs\Python\Python310;C:\Users\GL\AppData\Roaming\nvm;C:\Program Files\nodejs;C:\Program Files\Git\cmd;C:\Program Files\Microsoft SQL Server\Client SDK\ODBC\170\Tools\Binn\;C:\Program Files (x86)\Microsoft SQL Server\150\Tools\Binn\;C:\Program Files\Microsoft SQL Server\150\Tools\Binn\;C:\Program Files\Microsoft SQL Server\150\DTS\Binn\;C:\Program Files\dotnet\;C:\Program Files (x86)\Microsoft SQL Server\160\Tools\Binn\;C:\Program Files\Microsoft SQL Server\160\Tools\Binn\;C:\Program Files\Microsoft SQL Server\160\DTS\Binn\;C:\Program Files\Azure Data Studio\bin;C:\Program Files\nodejs\;C:\Program Files\MongoDB\Server\4.2\bin;E:\Download\Ung_dung\Maven\apache-maven-3.5.3\apache-maven-3.5.3\apache-maven-3.5.3\bin;C:\Program Files\Java\jdk-11\bin;C:\Program Files\Java\jre-10.0.2\bin;C:\Program Files\MySQL\MySQL Shell 8.0\bin\;C:\Users\GL\AppData\Local\Microsoft\WindowsApps;C:\Users\GL\AppData\Local\Programs\Microsoft VS Code\bin;E:\Download\File_RAR\Oracle_Instant_Client\instantclient_21_3;C:\Users\GL\AppData\Local\Programs\Python\Python310;C:\Users\GL\AppData\Local\Programs\Python\Python310\Scripts;C:\Users\GL\AppData\Roaming\nvm;C:\Program Files\nodejs;C:\Program Files\heroku\bin;C:\Program Files\JetBrains\IntelliJ IDEA 2022.2.3\bin;;C:\Program Files\JetBrains\IntelliJ IDEA Community Edition 2022.2.3\bin;;C:\Program Files\Azure Data Studio\bin;C:\Users\GL\.dotnet\tools;C:\Program Files\Azure Data Studio\bin;C:\Users\GL\AppData\Roaming\npm;C:\Program Files\MongoDB\Server\4.2\bin;C:\app\apache-zookeeper-3.7.1-bin\apache-zookeeper-3.7.1\bin;;."/>
    <property name="java.vendor" value="Oracle Corporation"/>
    <property name="java.vm.info" value="mixed mode"/>
    <property name="java.vm.version" value="11.0.18+9-LTS-195"/>
    <property name="sun.io.unicode.encoding" value="UnicodeLittle"/>
    <property name="java.class.version" value="55.0"/>
  </properties>
  <testcase name="contextLoads" classname="com.example.ogani_be.OganiBeApplicationTests" time="0.215"/>
</testsuite>